{
  "uid" : "193413083511cb48",
  "name" : "test_2_login",
  "fullName" : "testcases.test_login.TestLogin#test_2_login",
  "historyId" : "74351dedebe2523098004accd6efd841",
  "time" : {
    "start" : 1629885455749,
    "stop" : 1629885463134,
    "duration" : 7385
  },
  "status" : "passed",
  "flaky" : false,
  "newFailed" : false,
  "beforeStages" : [ {
    "name" : "test_logsystem",
    "time" : {
      "start" : 1629885452608,
      "stop" : 1629885455745,
      "duration" : 3137
    },
    "status" : "passed",
    "steps" : [ ],
    "attachments" : [ ],
    "parameters" : [ ],
    "attachmentsCount" : 0,
    "shouldDisplayMessage" : false,
    "stepsCount" : 0,
    "hasContent" : false
  } ],
  "testStage" : {
    "status" : "passed",
    "steps" : [ ],
    "attachments" : [ {
      "uid" : "6d26b791bcce9d8",
      "name" : "log",
      "source" : "6d26b791bcce9d8.txt",
      "type" : "text/plain",
      "size" : 68
    } ],
    "parameters" : [ ],
    "attachmentsCount" : 1,
    "shouldDisplayMessage" : false,
    "stepsCount" : 0,
    "hasContent" : true
  },
  "afterStages" : [ {
    "name" : "test_logsystem::0",
    "time" : {
      "start" : 1629885465807,
      "stop" : 1629885469594,
      "duration" : 3787
    },
    "status" : "passed",
    "steps" : [ ],
    "attachments" : [ ],
    "parameters" : [ ],
    "attachmentsCount" : 0,
    "shouldDisplayMessage" : false,
    "stepsCount" : 0,
    "hasContent" : false
  } ],
  "labels" : [ {
    "name" : "parentSuite",
    "value" : "testcases"
  }, {
    "name" : "suite",
    "value" : "test_login"
  }, {
    "name" : "subSuite",
    "value" : "TestLogin"
  }, {
    "name" : "host",
    "value" : "DESKTOP-9AHN0V2"
  }, {
    "name" : "thread",
    "value" : "15020-MainThread"
  }, {
    "name" : "framework",
    "value" : "pytest"
  }, {
    "name" : "language",
    "value" : "cpython3"
  }, {
    "name" : "package",
    "value" : "testcases.test_login"
  }, {
    "name" : "resultFormat",
    "value" : "allure2"
  } ],
  "parameters" : [ ],
  "links" : [ ],
  "hidden" : false,
  "retry" : false,
  "extra" : {
    "severity" : "normal",
    "retries" : [ {
      "uid" : "b92676c2233a861f",
      "status" : "passed",
      "time" : {
        "start" : 1629885388916,
        "stop" : 1629885396372,
        "duration" : 7456
      }
    }, {
      "uid" : "7563d05afadb6a26",
      "status" : "passed",
      "time" : {
        "start" : 1629885237016,
        "stop" : 1629885244444,
        "duration" : 7428
      }
    }, {
      "uid" : "af1f06d3308c9d0a",
      "status" : "passed",
      "time" : {
        "start" : 1629885134738,
        "stop" : 1629885140163,
        "duration" : 5425
      }
    }, {
      "uid" : "34106ae4d78871a2",
      "status" : "broken",
      "statusDetails" : "selenium.common.exceptions.WebDriverException: Message: chrome not reachable\n  (Session info: chrome=92.0.4515.159)",
      "time" : {
        "start" : 1629885126020,
        "stop" : 1629885130077,
        "duration" : 4057
      }
    }, {
      "uid" : "843d56219cca2bdb",
      "status" : "passed",
      "time" : {
        "start" : 1629885022228,
        "stop" : 1629885027641,
        "duration" : 5413
      }
    }, {
      "uid" : "7deefc2c8ca96e12",
      "status" : "broken",
      "statusDetails" : "selenium.common.exceptions.NoSuchElementException: Message: no such element: Unable to locate element: {\"method\":\"css selector\",\"selector\":\"[name=\"account\"]\"}\n  (Session info: chrome=92.0.4515.159)",
      "time" : {
        "start" : 1629885006790,
        "stop" : 1629885016872,
        "duration" : 10082
      }
    }, {
      "uid" : "fd1b2e18d9cce214",
      "status" : "broken",
      "statusDetails" : "selenium.common.exceptions.NoAlertPresentException: Message: no such alert\n  (Session info: chrome=92.0.4515.159)",
      "time" : {
        "start" : 1629884863701,
        "stop" : 1629884869073,
        "duration" : 5372
      }
    }, {
      "uid" : "f62eb2e754e66f60",
      "status" : "broken",
      "statusDetails" : "selenium.common.exceptions.NoSuchElementException: Message: no such element: Unable to locate element: {\"method\":\"css selector\",\"selector\":\"[name=\"account\"]\"}\n  (Session info: chrome=92.0.4515.159)",
      "time" : {
        "start" : 1629884848014,
        "stop" : 1629884858059,
        "duration" : 10045
      }
    }, {
      "uid" : "e9c42c89c90bf2a4",
      "status" : "broken",
      "statusDetails" : "selenium.common.exceptions.WebDriverException: Message: chrome not reachable\n  (Session info: chrome=92.0.4515.159)",
      "time" : {
        "start" : 1629766270622,
        "stop" : 1629766274676,
        "duration" : 4054
      }
    }, {
      "uid" : "515250f3724e257a",
      "status" : "passed",
      "time" : {
        "start" : 1629725490433,
        "stop" : 1629725496012,
        "duration" : 5579
      }
    }, {
      "uid" : "540ebb78d7cb6586",
      "status" : "broken",
      "statusDetails" : "selenium.common.exceptions.NoSuchElementException: Message: no such element: Unable to locate element: {\"method\":\"css selector\",\"selector\":\"[name=\"account\"]\"}\n  (Session info: chrome=92.0.4515.159)",
      "time" : {
        "start" : 1629725472701,
        "stop" : 1629725482783,
        "duration" : 10082
      }
    } ],
    "categories" : [ ],
    "tags" : [ ]
  },
  "source" : "193413083511cb48.json",
  "parameterValues" : [ ]
}