{
  "uid" : "19b0ba2967fb42da",
  "name" : "test_1_login",
  "fullName" : "testcases.test_login.TestLogin#test_1_login",
  "historyId" : "e4845b7a618108d316a3ffc65ad38089",
  "time" : {
    "start" : 1629885216995,
    "stop" : 1629885217068,
    "duration" : 73
  },
  "status" : "broken",
  "statusMessage" : "selenium.common.exceptions.NoSuchWindowException: Message: no such window: target window already closed\nfrom unknown error: web view not found\n  (Session info: chrome=92.0.4515.159)",
  "statusTrace" : "self = <testcases.test_login.TestLogin object at 0x0000022BB738A370>\ntest_logsystem = <selenium.webdriver.chrome.webdriver.WebDriver (session=\"e9d370b769dd39ada794e5b2b3bf1bae\")>\n\n    def test_1_login(self,test_logsystem):\n        self.page1=TestLogPage(test_logsystem)\n        file=ReadWrite(datafile_path,1)\n        userlist = file.read()\n        user = userlist[0]\n>       self.page1.type_username(user[0])\n\ntestcases\\test_login.py:14: \n_ _ _ _ _ _ _ _ _ _ _ _ _ _ _ _ _ _ _ _ _ _ _ _ _ _ _ _ _ _ _ _ _ _ _ _ _ _ _ _\ntestpageobjects\\testloginObject.py:13: in type_username\n    self.browser.find_element(*self.username).send_keys(username)\nC:\\install_software\\Python\\lib\\site-packages\\selenium\\webdriver\\remote\\webdriver.py:976: in find_element\n    return self.execute(Command.FIND_ELEMENT, {\nC:\\install_software\\Python\\lib\\site-packages\\selenium\\webdriver\\remote\\webdriver.py:321: in execute\n    self.error_handler.check_response(response)\n_ _ _ _ _ _ _ _ _ _ _ _ _ _ _ _ _ _ _ _ _ _ _ _ _ _ _ _ _ _ _ _ _ _ _ _ _ _ _ _\n\nself = <selenium.webdriver.remote.errorhandler.ErrorHandler object at 0x0000022BB72E7F40>\nresponse = {'status': 404, 'value': '{\"value\":{\"error\":\"no such window\",\"message\":\"no such window: target window already closed\\\\...\\n\\\\tRtlGetAppContainerNamedObjectPath [0x771274ED+237]\\\\n\\\\tRtlGetAppContainerNamedObjectPath [0x771274BD+189]\\\\n\"}}'}\n\n    def check_response(self, response):\n        \"\"\"\n        Checks that a JSON response from the WebDriver does not have an error.\n    \n        :Args:\n         - response - The JSON response from the WebDriver server as a dictionary\n           object.\n    \n        :Raises: If the response contains an error message.\n        \"\"\"\n        status = response.get('status', None)\n        if status is None or status == ErrorCode.SUCCESS:\n            return\n        value = None\n        message = response.get(\"message\", \"\")\n        screen = response.get(\"screen\", \"\")\n        stacktrace = None\n        if isinstance(status, int):\n            value_json = response.get('value', None)\n            if value_json and isinstance(value_json, basestring):\n                import json\n                try:\n                    value = json.loads(value_json)\n                    if len(value.keys()) == 1:\n                        value = value['value']\n                    status = value.get('error', None)\n                    if status is None:\n                        status = value[\"status\"]\n                        message = value[\"value\"]\n                        if not isinstance(message, basestring):\n                            value = message\n                            message = message.get('message')\n                    else:\n                        message = value.get('message', None)\n                except ValueError:\n                    pass\n    \n        exception_class = ErrorInResponseException\n        if status in ErrorCode.NO_SUCH_ELEMENT:\n            exception_class = NoSuchElementException\n        elif status in ErrorCode.NO_SUCH_FRAME:\n            exception_class = NoSuchFrameException\n        elif status in ErrorCode.NO_SUCH_WINDOW:\n            exception_class = NoSuchWindowException\n        elif status in ErrorCode.STALE_ELEMENT_REFERENCE:\n            exception_class = StaleElementReferenceException\n        elif status in ErrorCode.ELEMENT_NOT_VISIBLE:\n            exception_class = ElementNotVisibleException\n        elif status in ErrorCode.INVALID_ELEMENT_STATE:\n            exception_class = InvalidElementStateException\n        elif status in ErrorCode.INVALID_SELECTOR \\\n                or status in ErrorCode.INVALID_XPATH_SELECTOR \\\n                or status in ErrorCode.INVALID_XPATH_SELECTOR_RETURN_TYPER:\n            exception_class = InvalidSelectorException\n        elif status in ErrorCode.ELEMENT_IS_NOT_SELECTABLE:\n            exception_class = ElementNotSelectableException\n        elif status in ErrorCode.ELEMENT_NOT_INTERACTABLE:\n            exception_class = ElementNotInteractableException\n        elif status in ErrorCode.INVALID_COOKIE_DOMAIN:\n            exception_class = InvalidCookieDomainException\n        elif status in ErrorCode.UNABLE_TO_SET_COOKIE:\n            exception_class = UnableToSetCookieException\n        elif status in ErrorCode.TIMEOUT:\n            exception_class = TimeoutException\n        elif status in ErrorCode.SCRIPT_TIMEOUT:\n            exception_class = TimeoutException\n        elif status in ErrorCode.UNKNOWN_ERROR:\n            exception_class = WebDriverException\n        elif status in ErrorCode.UNEXPECTED_ALERT_OPEN:\n            exception_class = UnexpectedAlertPresentException\n        elif status in ErrorCode.NO_ALERT_OPEN:\n            exception_class = NoAlertPresentException\n        elif status in ErrorCode.IME_NOT_AVAILABLE:\n            exception_class = ImeNotAvailableException\n        elif status in ErrorCode.IME_ENGINE_ACTIVATION_FAILED:\n            exception_class = ImeActivationFailedException\n        elif status in ErrorCode.MOVE_TARGET_OUT_OF_BOUNDS:\n            exception_class = MoveTargetOutOfBoundsException\n        elif status in ErrorCode.JAVASCRIPT_ERROR:\n            exception_class = JavascriptException\n        elif status in ErrorCode.SESSION_NOT_CREATED:\n            exception_class = SessionNotCreatedException\n        elif status in ErrorCode.INVALID_ARGUMENT:\n            exception_class = InvalidArgumentException\n        elif status in ErrorCode.NO_SUCH_COOKIE:\n            exception_class = NoSuchCookieException\n        elif status in ErrorCode.UNABLE_TO_CAPTURE_SCREEN:\n            exception_class = ScreenshotException\n        elif status in ErrorCode.ELEMENT_CLICK_INTERCEPTED:\n            exception_class = ElementClickInterceptedException\n        elif status in ErrorCode.INSECURE_CERTIFICATE:\n            exception_class = InsecureCertificateException\n        elif status in ErrorCode.INVALID_COORDINATES:\n            exception_class = InvalidCoordinatesException\n        elif status in ErrorCode.INVALID_SESSION_ID:\n            exception_class = InvalidSessionIdException\n        elif status in ErrorCode.UNKNOWN_METHOD:\n            exception_class = UnknownMethodException\n        else:\n            exception_class = WebDriverException\n        if value == '' or value is None:\n            value = response['value']\n        if isinstance(value, basestring):\n            if exception_class == ErrorInResponseException:\n                raise exception_class(response, value)\n            raise exception_class(value)\n        if message == \"\" and 'message' in value:\n            message = value['message']\n    \n        screen = None\n        if 'screen' in value:\n            screen = value['screen']\n    \n        stacktrace = None\n        if 'stackTrace' in value and value['stackTrace']:\n            stacktrace = []\n            try:\n                for frame in value['stackTrace']:\n                    line = self._value_or_default(frame, 'lineNumber', '')\n                    file = self._value_or_default(frame, 'fileName', '<anonymous>')\n                    if line:\n                        file = \"%s:%s\" % (file, line)\n                    meth = self._value_or_default(frame, 'methodName', '<anonymous>')\n                    if 'className' in frame:\n                        meth = \"%s.%s\" % (frame['className'], meth)\n                    msg = \"    at %s (%s)\"\n                    msg = msg % (meth, file)\n                    stacktrace.append(msg)\n            except TypeError:\n                pass\n        if exception_class == ErrorInResponseException:\n            raise exception_class(response, message)\n        elif exception_class == UnexpectedAlertPresentException:\n            alert_text = None\n            if 'data' in value:\n                alert_text = value['data'].get('text')\n            elif 'alert' in value:\n                alert_text = value['alert'].get('text')\n            raise exception_class(message, screen, stacktrace, alert_text)\n>       raise exception_class(message, screen, stacktrace)\nE       selenium.common.exceptions.NoSuchWindowException: Message: no such window: target window already closed\nE       from unknown error: web view not found\nE         (Session info: chrome=92.0.4515.159)\n\nC:\\install_software\\Python\\lib\\site-packages\\selenium\\webdriver\\remote\\errorhandler.py:242: NoSuchWindowException",
  "flaky" : false,
  "newFailed" : false,
  "beforeStages" : [ ],
  "afterStages" : [ ],
  "labels" : [ {
    "name" : "parentSuite",
    "value" : "testcases"
  }, {
    "name" : "suite",
    "value" : "test_login"
  }, {
    "name" : "subSuite",
    "value" : "TestLogin"
  }, {
    "name" : "host",
    "value" : "DESKTOP-9AHN0V2"
  }, {
    "name" : "thread",
    "value" : "1224-MainThread"
  }, {
    "name" : "framework",
    "value" : "pytest"
  }, {
    "name" : "language",
    "value" : "cpython3"
  }, {
    "name" : "package",
    "value" : "testcases.test_login"
  }, {
    "name" : "resultFormat",
    "value" : "allure2"
  } ],
  "parameters" : [ ],
  "links" : [ ],
  "hidden" : false,
  "retry" : false,
  "extra" : {
    "severity" : "normal",
    "retries" : [ {
      "uid" : "ceca76bd11e03103",
      "status" : "broken",
      "statusDetails" : "AttributeError: 'NoneType' object has no attribute 'click'",
      "time" : {
        "start" : 1629885210860,
        "stop" : 1629885216485,
        "duration" : 5625
      }
    }, {
      "uid" : "c2f857b7935c58d7",
      "status" : "broken",
      "statusDetails" : "selenium.common.exceptions.WebDriverException: Message: chrome not reachable\n  (Session info: chrome=92.0.4515.159)",
      "time" : {
        "start" : 1629885121921,
        "stop" : 1629885125970,
        "duration" : 4049
      }
    }, {
      "uid" : "568a7311b7db691f",
      "status" : "broken",
      "statusDetails" : "AttributeError: 'NoneType' object has no attribute 'click'",
      "time" : {
        "start" : 1629885111054,
        "stop" : 1629885121641,
        "duration" : 10587
      }
    }, {
      "uid" : "ce6eff3c1f029a87",
      "status" : "broken",
      "statusDetails" : "selenium.common.exceptions.NoSuchElementException: Message: no such element: Unable to locate element: {\"method\":\"css selector\",\"selector\":\"[name=\"account\"]\"}\n  (Session info: chrome=92.0.4515.159)",
      "time" : {
        "start" : 1629884996623,
        "stop" : 1629885006722,
        "duration" : 10099
      }
    }, {
      "uid" : "a21e26faaabdf010",
      "status" : "broken",
      "statusDetails" : "selenium.common.exceptions.NoSuchElementException: Message: no such element: Unable to locate element: {\"method\":\"css selector\",\"selector\":\"ul>li>.dropdown-toggle\"}\n  (Session info: chrome=92.0.4515.159)",
      "time" : {
        "start" : 1629884983633,
        "stop" : 1629884996142,
        "duration" : 12509
      }
    }, {
      "uid" : "80df5c3238d7bf42",
      "status" : "broken",
      "statusDetails" : "selenium.common.exceptions.NoSuchElementException: Message: no such element: Unable to locate element: {\"method\":\"css selector\",\"selector\":\"[name=\"account\"]\"}\n  (Session info: chrome=92.0.4515.159)",
      "time" : {
        "start" : 1629884837902,
        "stop" : 1629884847948,
        "duration" : 10046
      }
    }, {
      "uid" : "71d8334be84a0544",
      "status" : "broken",
      "statusDetails" : "selenium.common.exceptions.NoSuchElementException: Message: no such element: Unable to locate element: {\"method\":\"css selector\",\"selector\":\"ul>li>.dropdown-toggle\"}\n  (Session info: chrome=92.0.4515.159)",
      "time" : {
        "start" : 1629884825123,
        "stop" : 1629884837638,
        "duration" : 12515
      }
    }, {
      "uid" : "857967f2676cb496",
      "status" : "broken",
      "statusDetails" : "selenium.common.exceptions.WebDriverException: Message: chrome not reachable\n  (Session info: chrome=92.0.4515.159)",
      "time" : {
        "start" : 1629766350069,
        "stop" : 1629766356424,
        "duration" : 6355
      }
    }, {
      "uid" : "f4c433d9333defb7",
      "status" : "broken",
      "statusDetails" : "selenium.common.exceptions.WebDriverException: Message: chrome not reachable\n  (Session info: chrome=92.0.4515.159)",
      "time" : {
        "start" : 1629766266484,
        "stop" : 1629766270549,
        "duration" : 4065
      }
    }, {
      "uid" : "ab023b278758c542",
      "status" : "broken",
      "statusDetails" : "selenium.common.exceptions.WebDriverException: Message: chrome not reachable\n  (Session info: chrome=92.0.4515.159)",
      "time" : {
        "start" : 1629766259651,
        "stop" : 1629766266025,
        "duration" : 6374
      }
    }, {
      "uid" : "bf1bb6e6ef7c79f7",
      "status" : "broken",
      "statusDetails" : "selenium.common.exceptions.WebDriverException: Message: chrome not reachable\n  (Session info: chrome=92.0.4515.159)",
      "time" : {
        "start" : 1629766199206,
        "stop" : 1629766206306,
        "duration" : 7100
      }
    }, {
      "uid" : "8d657ea0876fb0bd",
      "status" : "broken",
      "statusDetails" : "selenium.common.exceptions.WebDriverException: Message: chrome not reachable\n  (Session info: chrome=92.0.4515.159)",
      "time" : {
        "start" : 1629766166400,
        "stop" : 1629766172670,
        "duration" : 6270
      }
    }, {
      "uid" : "a5f9ef66c2d9e00a",
      "status" : "broken",
      "statusDetails" : "selenium.common.exceptions.NoSuchElementException: Message: no such element: Unable to locate element: {\"method\":\"css selector\",\"selector\":\"[name=\"account\"]\"}\n  (Session info: chrome=92.0.4515.159)",
      "time" : {
        "start" : 1629725462561,
        "stop" : 1629725472636,
        "duration" : 10075
      }
    }, {
      "uid" : "dc3f4328a07a7509",
      "status" : "broken",
      "statusDetails" : "selenium.common.exceptions.NoSuchElementException: Message: no such element: Unable to locate element: {\"method\":\"css selector\",\"selector\":\"ul>li>.dropdown-toggle\"}\n  (Session info: chrome=92.0.4515.159)",
      "time" : {
        "start" : 1629725449344,
        "stop" : 1629725462065,
        "duration" : 12721
      }
    } ],
    "categories" : [ {
      "name" : "Test defects",
      "matchedStatuses" : [ ],
      "flaky" : false
    } ],
    "tags" : [ ]
  },
  "source" : "19b0ba2967fb42da.json",
  "parameterValues" : [ ]
}